0 info it worked if it ends with ok
1 verbose cli [ '/Users/marcolavielle/.nvm/v0.10.0/bin/node',
1 verbose cli   '/Users/marcolavielle/.nvm/v0.10.0/bin/npm',
1 verbose cli   'i',
1 verbose cli   '-g',
1 verbose cli   'bower' ]
2 info using npm@1.2.14
3 info using node@v0.10.0
4 verbose read json /Users/marcolavielle/.nvm/v0.10.0/lib/package.json
5 verbose read json /Users/marcolavielle/.nvm/v0.10.0/lib/package.json
6 verbose cache add [ 'bower', null ]
7 verbose cache add name=undefined spec="bower" args=["bower",null]
8 verbose parsed url { protocol: null,
8 verbose parsed url   slashes: null,
8 verbose parsed url   auth: null,
8 verbose parsed url   host: null,
8 verbose parsed url   port: null,
8 verbose parsed url   hostname: null,
8 verbose parsed url   hash: null,
8 verbose parsed url   search: null,
8 verbose parsed url   query: null,
8 verbose parsed url   pathname: 'bower',
8 verbose parsed url   path: 'bower',
8 verbose parsed url   href: 'bower' }
9 silly lockFile 206e3ce5-bower bower
10 verbose lock bower /Users/marcolavielle/.npm/206e3ce5-bower.lock
11 silly lockFile 206e3ce5-bower bower
12 silly lockFile 206e3ce5-bower bower
13 verbose addNamed [ 'bower', '' ]
14 verbose addNamed [ null, '' ]
15 silly lockFile 1240aab1-bower bower@
16 verbose lock bower@ /Users/marcolavielle/.npm/1240aab1-bower.lock
17 silly addNameRange { name: 'bower', range: '', hasData: false }
18 verbose url raw bower
19 verbose url resolving [ 'https://registry.npmjs.org/', './bower' ]
20 verbose url resolved https://registry.npmjs.org/bower
21 info trying registry request attempt 1 at 16:06:01
22 http GET https://registry.npmjs.org/bower
23 info retry will retry, error on last attempt: Error: CERT_UNTRUSTED
24 info trying registry request attempt 2 at 16:06:12
25 http GET https://registry.npmjs.org/bower
26 info retry will retry, error on last attempt: Error: CERT_UNTRUSTED
27 info trying registry request attempt 3 at 16:07:12
28 http GET https://registry.npmjs.org/bower
29 silly lockFile 1240aab1-bower bower@
30 silly lockFile 1240aab1-bower bower@
31 error Error: CERT_UNTRUSTED
31 error     at SecurePair.<anonymous> (tls.js:1271:32)
31 error     at SecurePair.EventEmitter.emit (events.js:92:17)
31 error     at SecurePair.maybeInitFinished (tls.js:883:10)
31 error     at CleartextStream.read [as _read] (tls.js:421:15)
31 error     at CleartextStream.Readable.read (_stream_readable.js:293:10)
31 error     at EncryptedStream.write [as _write] (tls.js:330:25)
31 error     at doWrite (_stream_writable.js:211:10)
31 error     at writeOrBuffer (_stream_writable.js:201:5)
31 error     at EncryptedStream.Writable.write (_stream_writable.js:172:11)
31 error     at write (_stream_readable.js:547:24)
32 error If you need help, you may report this log at:
32 error     <http://github.com/isaacs/npm/issues>
32 error or email it to:
32 error     <npm-@googlegroups.com>
33 error System Darwin 17.3.0
34 error command "/Users/marcolavielle/.nvm/v0.10.0/bin/node" "/Users/marcolavielle/.nvm/v0.10.0/bin/npm" "i" "-g" "bower"
35 error cwd /Users/marcolavielle/Documents/Development/hacker-firm
36 error node -v v0.10.0
37 error npm -v 1.2.14
38 verbose exit [ 1, true ]
